<?xml version="1.0" encoding="UTF-8" standalone="no"?>
<testsuite failures="1" name="cucumber.runtime.formatter.JUnitFormatter" skipped="0" tests="4" time="316.588596">
    <testcase classname="VZW.20Requirements" name="Negative Login" time="72.369039">
        <failure message="java.lang.AssertionError&#13;&#10;&#9;at org.junit.Assert.fail(Assert.java:86)&#13;&#10;&#9;at org.junit.Assert.assertTrue(Assert.java:41)&#13;&#10;&#9;at org.junit.Assert.assertTrue(Assert.java:52)&#13;&#10;&#9;at TestDef.TEST123.verifyLoginScreenshotIfFailed(TEST123.java:30)&#13;&#10;&#9;at ✽.Then verifyLoginScreenshotIfFailed(feature.feature:7)&#13;&#10;">
            <![CDATA[Given loginPageExists.......................................................passed
When enterWrongLogin........................................................passed
Then verifyLoginScreenshotIfFailed..........................................failed

StackTrace:
java.lang.AssertionError
	at org.junit.Assert.fail(Assert.java:86)
	at org.junit.Assert.assertTrue(Assert.java:41)
	at org.junit.Assert.assertTrue(Assert.java:52)
	at TestDef.TEST123.verifyLoginScreenshotIfFailed(TEST123.java:30)
	at ✽.Then verifyLoginScreenshotIfFailed(feature.feature:7)
]]>
        </failure>
    </testcase>
    <testcase classname="VZW.20Requirements" name="Positive Login with Dynamic Xpath" time="53.170707">
        <system-out>
            <![CDATA[Given loginPageExists4......................................................passed
Then enterCorrectLogin......................................................passed
Then verifyLoginScreenshotIfFailed4.........................................passed
]]>
        </system-out>
    </testcase>
    <testcase classname="VZW.20Requirements" name="Login and Go to Smartphones" time="106.4045">
        <system-out>
            <![CDATA[Given loginPageExists456....................................................passed
When enterCorrectLogin456...................................................passed
When gotoWireless...........................................................passed
And selectSmartphones.......................................................passed
And verifyResult456.........................................................passed
]]>
        </system-out>
    </testcase>
    <testcase classname="VZW.20Requirements" name="Select SamsungS10+" time="84.64435">
        <system-out>
            <![CDATA[Given smartphonesPageExists.................................................passed
When selectGalaxy10SPlus....................................................passed
And pickColor...............................................................passed
And addtoCart...............................................................passed
Then verifyResult789........................................................passed
]]>
        </system-out>
    </testcase>
</testsuite>
